2026-01-30 22:46:31 - ═══════════════════════════════════════════════════════════════════════════
2026-01-30 22:46:31 - VÉRIFICATION PRÉREQUIS
2026-01-30 22:46:31 - ═══════════════════════════════════════════════════════════════════════════
2026-01-30 22:46:31 - [1/3] Git...
2026-01-30 22:46:31 - ✓ Git : git version 2.51.0
2026-01-30 22:46:31 - [2/3] GitHub CLI...
2026-01-30 22:46:31 - ✓ gh : gh version 2.46.0 (2025-01-13 Debian 2.46.0-3)
2026-01-30 22:46:31 - [3/3] Authentification GitHub...
2026-01-30 22:46:31 - ✓ Authentification active
2026-01-30 22:46:31 - ═══════════════════════════════════════════════════════════════════════════
2026-01-30 22:46:31 - ✓ TOUS PRÉREQUIS OK
2026-01-30 22:46:31 - ═══════════════════════════════════════════════════════════════════════════
2026-01-30 22:46:31 - ═══════════════════════════════════════════════════════════════════════════
2026-01-30 22:46:31 - CRÉATION DÉPÔT GIT COMPLET
2026-01-30 22:46:31 - ═══════════════════════════════════════════════════════════════════════════
2026-01-30 22:46:31 - [1/6] Répertoire local: /mnt/data2_78g/Security/scripts/Projects_utility/create_gitignore
2026-01-30 22:46:31 - → Répertoire existe, conservation fichiers
2026-01-30 22:46:31 - ✓ Accès répertoire OK
2026-01-30 22:46:31 - [2/6] Vérification Git...
2026-01-30 22:46:31 - → Initialisation nouveau dépôt Git (branche main)
2026-01-30 22:46:31 - [3/6] Fichiers de base...
2026-01-30 22:46:31 - ✓ README.md créé
2026-01-30 22:46:31 - → .gitignore via template: python
2026-01-30 22:46:31 - [4/6] Dépôt distant GitHub...
2026-01-30 22:46:33 - ✓ Dépôt distant OK (VIDE)
2026-01-30 22:46:33 - [5/6] Remote origin...
2026-01-30 22:46:33 - ✓ Remote configurée
2026-01-30 22:46:33 - [6/6] Branche working...
2026-01-30 22:46:33 - ✓ Sur branche working
2026-01-30 22:46:33 - ═══════════════════════════════════════════════════════════════════════════
2026-01-30 22:46:33 - ✓ DÉPÔT CRÉÉ AVEC SUCCÈS
2026-01-30 22:46:33 - ═══════════════════════════════════════════════════════════════════════════
2026-01-30 22:46:33 - 
2026-01-30 22:46:33 - INFOS:
2026-01-30 22:46:33 -   • Nom      : create_gitignore
2026-01-30 22:46:33 -   • Owner    : bdelnoz
2026-01-30 22:46:33 -   • Visibilité: public
2026-01-30 22:46:33 -   • Local    : /mnt/data2_78g/Security/scripts/Projects_utility/create_gitignore
2026-01-30 22:46:33 -   • Distant  : https://github.com/bdelnoz/create_gitignore (VIDE)
2026-01-30 22:46:33 -   • Branches : main, working (locale ACTIVE)
2026-01-30 22:46:33 -   • Fichiers : Untracked (prêts pour commit manuel)
2026-01-30 22:46:33 -   • Template : python
2026-01-30 22:46:33 - 
2026-01-30 22:46:33 - ⚠ IMPORTANT: Dépôt distant VIDE, aucun commit auto
2026-01-30 22:46:33 - 
2026-01-30 22:46:33 - PROCHAINES ÉTAPES (MANUEL):
2026-01-30 22:46:33 -   cd /mnt/data2_78g/Security/scripts/Projects_utility/create_gitignore
2026-01-30 22:46:33 -   git status
2026-01-30 22:46:33 -   git add .
2026-01-30 22:46:33 -   git commit -m 'Initial commit'
2026-01-30 22:46:33 -   git push -u origin working
2026-01-30 22:46:33 -   git checkout main && git merge working
2026-01-30 22:46:33 -   git push -u origin main
2026-01-30 22:46:33 - 
2026-01-30 22:46:33 - ═══════════════════════════════════════════════════════════════════════════
2026-01-30 22:46:33 - 
2026-01-30 22:46:33 - ═══════════════════════════════════════════════════════════════════════════
2026-01-30 22:46:33 - Script terminé: 2026-01-30 22:46:33
2026-01-30 22:46:33 - ═══════════════════════════════════════════════════════════════════════════
